<?xml version="1.0" encoding="UTF-8"?>
<!-- Generated by org.testng.reporters.JUnitXMLReporter -->
<testsuite ignored="0" hostname="NB247" failures="2" tests="2" name="Surefire test" time="0.039" errors="0" timestamp="2026-05-22T13:30:47 ART">
  <testcase classname="com.saucedemo.pruebas.MercadoLibreApiTest" name="elEndpointDeDepartamentosRespondeSatisfactoriamente" time="0.005">
    <failure type="java.lang.NullPointerException" message="Cannot invoke &amp;quot;com.aventstack.extentreports.ExtentReports.createTest(String, String)&amp;quot; because &amp;quot;com.saucedemo.utilidades.GestorReportes.reporte&amp;quot; is null">
      <![CDATA[java.lang.NullPointerException: Cannot invoke "com.aventstack.extentreports.ExtentReports.createTest(String, String)" because "com.saucedemo.utilidades.GestorReportes.reporte" is null
at com.saucedemo.utilidades.GestorReportes.crearPrueba(GestorReportes.java:60)
at com.saucedemo.pruebas.MercadoLibreApiTest.elEndpointDeDepartamentosRespondeSatisfactoriamente(MercadoLibreApiTest.java:32)
at java.base/java.util.ArrayList.forEach(ArrayList.java:1511)
... Removed 32 stack frames]]>
    </failure>
  </testcase> <!-- elEndpointDeDepartamentosRespondeSatisfactoriamente -->
  <testcase classname="com.saucedemo.pruebas.MercadoLibreApiTest" name="elTiempoDeRespuestaEsAceptable" time="0.001">
    <failure type="java.lang.NullPointerException" message="Cannot invoke &amp;quot;com.aventstack.extentreports.ExtentReports.createTest(String, String)&amp;quot; because &amp;quot;com.saucedemo.utilidades.GestorReportes.reporte&amp;quot; is null">
      <![CDATA[java.lang.NullPointerException: Cannot invoke "com.aventstack.extentreports.ExtentReports.createTest(String, String)" because "com.saucedemo.utilidades.GestorReportes.reporte" is null
at com.saucedemo.utilidades.GestorReportes.crearPrueba(GestorReportes.java:60)
at com.saucedemo.pruebas.MercadoLibreApiTest.elTiempoDeRespuestaEsAceptable(MercadoLibreApiTest.java:92)
at java.base/java.util.ArrayList.forEach(ArrayList.java:1511)
... Removed 32 stack frames]]>
    </failure>
  </testcase> <!-- elTiempoDeRespuestaEsAceptable -->
</testsuite> <!-- Surefire test -->
