<?xml version="1.0" encoding="UTF-8"?>
<!-- Generated by org.testng.reporters.JUnitXMLReporter -->
<testsuite ignored="0" hostname="NB247" failures="0" tests="5" name="Surefire test" time="9.452" errors="0" timestamp="2026-05-22T14:00:04 ART">
  <testcase classname="com.saucedemo.pruebas.CarritoTest" name="agregarUnProductoAlCarrito" time="0.369"/>
  <testcase classname="com.saucedemo.pruebas.CarritoTest" name="agregarMultiplesProductosAlCarrito" time="0.372"/>
  <testcase classname="com.saucedemo.pruebas.CarritoTest" name="verContenidoDelCarrito" time="0.459"/>
  <testcase classname="com.saucedemo.pruebas.CarritoTest" name="eliminarProductoDesdeInventario" time="0.392"/>
  <testcase classname="com.saucedemo.pruebas.CarritoTest" name="continuarComprandoDesdeElCarrito" time="0.459"/>
</testsuite> <!-- Surefire test -->
