<?xml version="1.0" encoding="UTF-8"?>
<!-- Generated by org.testng.reporters.JUnitXMLReporter -->
<testsuite ignored="0" hostname="NB247" failures="0" tests="5" name="Pruebas de Carrito" time="8.569" errors="0" timestamp="2026-05-22T13:12:03 ART">
  <testcase classname="com.saucedemo.pruebas.CarritoTest" name="agregarUnProductoAlCarrito" time="0.347"/>
  <testcase classname="com.saucedemo.pruebas.CarritoTest" name="agregarMultiplesProductosAlCarrito" time="0.378"/>
  <testcase classname="com.saucedemo.pruebas.CarritoTest" name="verContenidoDelCarrito" time="0.446"/>
  <testcase classname="com.saucedemo.pruebas.CarritoTest" name="eliminarProductoDesdeInventario" time="0.381"/>
  <testcase classname="com.saucedemo.pruebas.CarritoTest" name="continuarComprandoDesdeElCarrito" time="0.425"/>
</testsuite> <!-- Pruebas de Carrito -->
