<?xml version="1.0" encoding="UTF-8"?>
<!-- Generated by org.testng.reporters.JUnitXMLReporter -->
<testsuite ignored="0" hostname="NB247" failures="1" tests="5" name="Pruebas de Login" time="11.067" errors="0" timestamp="2026-05-22T13:11:54 ART">
  <testcase classname="com.saucedemo.pruebas.LoginTest" name="loginExitosoConUsuarioEstandar" time="0.237"/>
  <testcase classname="com.saucedemo.pruebas.LoginTest" name="loginConContrasenaIncorrecta" time="0.242"/>
  <testcase classname="com.saucedemo.pruebas.LoginTest" name="loginConUsuarioBloqueado" time="0.251"/>
  <testcase classname="com.saucedemo.pruebas.LoginTest" name="loginConCamposVacios" time="0.104"/>
  <testcase classname="com.saucedemo.pruebas.LoginTest" name="loginFalloIntencional" time="0.257">
    <failure type="java.lang.AssertionError" message="FALLO ESPERADO para demostrar la captura automatica. Titulo real: &amp;apos;Swag Labs&amp;apos; expected [Este titulo no existe - FALLO INTENCIONAL] but found [Swag Labs]">
      <![CDATA[java.lang.AssertionError: FALLO ESPERADO para demostrar la captura automatica. Titulo real: 'Swag Labs' expected [Este titulo no existe - FALLO INTENCIONAL] but found [Swag Labs]
at com.saucedemo.pruebas.LoginTest.loginFalloIntencional(LoginTest.java:166)
at java.base/java.util.ArrayList.forEach(ArrayList.java:1511)
... Removed 36 stack frames]]>
    </failure>
  </testcase> <!-- loginFalloIntencional -->
</testsuite> <!-- Pruebas de Login -->
