<?xml version="1.0" encoding="UTF-8"?>
<!-- Generated by org.testng.reporters.JUnitXMLReporter -->
<testsuite ignored="0" hostname="NB247" failures="0" tests="2" name="Prueba API MercadoLibre" time="1.172" errors="0" timestamp="2026-05-22T13:12:04 ART">
  <testcase classname="com.saucedemo.pruebas.MercadoLibreApiTest" name="elEndpointDeDepartamentosRespondeSatisfactoriamente" time="1.08"/>
  <testcase classname="com.saucedemo.pruebas.MercadoLibreApiTest" name="elTiempoDeRespuestaEsAceptable" time="0.09"/>
</testsuite> <!-- Prueba API MercadoLibre -->
