<?xml version="1.0" encoding="UTF-8"?>
<testng-results ignored="0" total="5" passed="5" failed="0" skipped="0">
  <reporter-output>
  </reporter-output>
  <suite started-at="2026-05-22T13:59:55 ART" name="Surefire suite" finished-at="2026-05-22T14:00:04 ART" duration-ms="9452">
    <groups>
    </groups>
    <test started-at="2026-05-22T13:59:55 ART" name="Surefire test" finished-at="2026-05-22T14:00:04 ART" duration-ms="9452">
      <class name="com.saucedemo.pruebas.CarritoTest">
        <test-method is-config="true" signature="configurarAntesDeLaPrueba(java.lang.String)[pri:0, instance:com.saucedemo.pruebas.CarritoTest@2ddc8ecb]" started-at="2026-05-22T13:59:55 ART" name="configurarAntesDeLaPrueba" finished-at="2026-05-22T13:59:57 ART" duration-ms="1942" status="PASS">
          <params>
            <param index="0">
              <value>
                <![CDATA[chrome]]>
              </value>
            </param>
          </params>
          <reporter-output>
          </reporter-output>
        </test-method> <!-- configurarAntesDeLaPrueba -->
        <test-method signature="agregarUnProductoAlCarrito()[pri:1, instance:com.saucedemo.pruebas.CarritoTest@2ddc8ecb]" started-at="2026-05-22T13:59:57 ART" name="agregarUnProductoAlCarrito" description="CP-C-01: Agregar un producto al carrito actualiza el contador a 1" finished-at="2026-05-22T13:59:57 ART" duration-ms="369" status="PASS">
          <reporter-output>
          </reporter-output>
        </test-method> <!-- agregarUnProductoAlCarrito -->
        <test-method is-config="true" signature="limpiarDespuesDeLaPrueba()[pri:0, instance:com.saucedemo.pruebas.CarritoTest@2ddc8ecb]" started-at="2026-05-22T13:59:57 ART" name="limpiarDespuesDeLaPrueba" finished-at="2026-05-22T13:59:57 ART" duration-ms="139" status="PASS">
          <reporter-output>
          </reporter-output>
        </test-method> <!-- limpiarDespuesDeLaPrueba -->
        <test-method is-config="true" signature="configurarAntesDeLaPrueba(java.lang.String)[pri:0, instance:com.saucedemo.pruebas.CarritoTest@2ddc8ecb]" started-at="2026-05-22T13:59:57 ART" name="configurarAntesDeLaPrueba" finished-at="2026-05-22T13:59:58 ART" duration-ms="1182" status="PASS">
          <params>
            <param index="0">
              <value>
                <![CDATA[chrome]]>
              </value>
            </param>
          </params>
          <reporter-output>
          </reporter-output>
        </test-method> <!-- configurarAntesDeLaPrueba -->
        <test-method signature="agregarMultiplesProductosAlCarrito()[pri:2, instance:com.saucedemo.pruebas.CarritoTest@2ddc8ecb]" started-at="2026-05-22T13:59:58 ART" name="agregarMultiplesProductosAlCarrito" description="CP-C-02: Agregar dos productos actualiza el contador a 2" finished-at="2026-05-22T13:59:59 ART" duration-ms="372" status="PASS">
          <reporter-output>
          </reporter-output>
        </test-method> <!-- agregarMultiplesProductosAlCarrito -->
        <test-method is-config="true" signature="limpiarDespuesDeLaPrueba()[pri:0, instance:com.saucedemo.pruebas.CarritoTest@2ddc8ecb]" started-at="2026-05-22T13:59:59 ART" name="limpiarDespuesDeLaPrueba" finished-at="2026-05-22T13:59:59 ART" duration-ms="131" status="PASS">
          <reporter-output>
          </reporter-output>
        </test-method> <!-- limpiarDespuesDeLaPrueba -->
        <test-method is-config="true" signature="configurarAntesDeLaPrueba(java.lang.String)[pri:0, instance:com.saucedemo.pruebas.CarritoTest@2ddc8ecb]" started-at="2026-05-22T13:59:59 ART" name="configurarAntesDeLaPrueba" finished-at="2026-05-22T14:00:00 ART" duration-ms="1197" status="PASS">
          <params>
            <param index="0">
              <value>
                <![CDATA[chrome]]>
              </value>
            </param>
          </params>
          <reporter-output>
          </reporter-output>
        </test-method> <!-- configurarAntesDeLaPrueba -->
        <test-method signature="verContenidoDelCarrito()[pri:3, instance:com.saucedemo.pruebas.CarritoTest@2ddc8ecb]" started-at="2026-05-22T14:00:00 ART" name="verContenidoDelCarrito" description="CP-C-03: El carrito muestra correctamente los productos agregados" finished-at="2026-05-22T14:00:01 ART" duration-ms="459" status="PASS">
          <reporter-output>
          </reporter-output>
        </test-method> <!-- verContenidoDelCarrito -->
        <test-method is-config="true" signature="limpiarDespuesDeLaPrueba()[pri:0, instance:com.saucedemo.pruebas.CarritoTest@2ddc8ecb]" started-at="2026-05-22T14:00:01 ART" name="limpiarDespuesDeLaPrueba" finished-at="2026-05-22T14:00:01 ART" duration-ms="121" status="PASS">
          <reporter-output>
          </reporter-output>
        </test-method> <!-- limpiarDespuesDeLaPrueba -->
        <test-method is-config="true" signature="configurarAntesDeLaPrueba(java.lang.String)[pri:0, instance:com.saucedemo.pruebas.CarritoTest@2ddc8ecb]" started-at="2026-05-22T14:00:01 ART" name="configurarAntesDeLaPrueba" finished-at="2026-05-22T14:00:02 ART" duration-ms="1206" status="PASS">
          <params>
            <param index="0">
              <value>
                <![CDATA[chrome]]>
              </value>
            </param>
          </params>
          <reporter-output>
          </reporter-output>
        </test-method> <!-- configurarAntesDeLaPrueba -->
        <test-method signature="eliminarProductoDesdeInventario()[pri:4, instance:com.saucedemo.pruebas.CarritoTest@2ddc8ecb]" started-at="2026-05-22T14:00:02 ART" name="eliminarProductoDesdeInventario" description="CP-C-04: Eliminar un producto desde el inventario disminuye el contador" finished-at="2026-05-22T14:00:02 ART" duration-ms="392" status="PASS">
          <reporter-output>
          </reporter-output>
        </test-method> <!-- eliminarProductoDesdeInventario -->
        <test-method is-config="true" signature="limpiarDespuesDeLaPrueba()[pri:0, instance:com.saucedemo.pruebas.CarritoTest@2ddc8ecb]" started-at="2026-05-22T14:00:02 ART" name="limpiarDespuesDeLaPrueba" finished-at="2026-05-22T14:00:02 ART" duration-ms="129" status="PASS">
          <reporter-output>
          </reporter-output>
        </test-method> <!-- limpiarDespuesDeLaPrueba -->
        <test-method is-config="true" signature="configurarAntesDeLaPrueba(java.lang.String)[pri:0, instance:com.saucedemo.pruebas.CarritoTest@2ddc8ecb]" started-at="2026-05-22T14:00:02 ART" name="configurarAntesDeLaPrueba" finished-at="2026-05-22T14:00:04 ART" duration-ms="1205" status="PASS">
          <params>
            <param index="0">
              <value>
                <![CDATA[chrome]]>
              </value>
            </param>
          </params>
          <reporter-output>
          </reporter-output>
        </test-method> <!-- configurarAntesDeLaPrueba -->
        <test-method signature="continuarComprandoDesdeElCarrito()[pri:5, instance:com.saucedemo.pruebas.CarritoTest@2ddc8ecb]" started-at="2026-05-22T14:00:04 ART" name="continuarComprandoDesdeElCarrito" description="CP-C-05: Continue Shopping vuelve al inventario conservando el carrito" finished-at="2026-05-22T14:00:04 ART" duration-ms="459" status="PASS">
          <reporter-output>
          </reporter-output>
        </test-method> <!-- continuarComprandoDesdeElCarrito -->
        <test-method is-config="true" signature="limpiarDespuesDeLaPrueba()[pri:0, instance:com.saucedemo.pruebas.CarritoTest@2ddc8ecb]" started-at="2026-05-22T14:00:04 ART" name="limpiarDespuesDeLaPrueba" finished-at="2026-05-22T14:00:04 ART" duration-ms="120" status="PASS">
          <reporter-output>
          </reporter-output>
        </test-method> <!-- limpiarDespuesDeLaPrueba -->
      </class> <!-- com.saucedemo.pruebas.CarritoTest -->
    </test> <!-- Surefire test -->
  </suite> <!-- Surefire suite -->
</testng-results>
