<?xml version="1.0" encoding="UTF-8"?>
<!-- Generated by org.testng.reporters.JUnitReportReporter -->
<testsuite hostname="NB247" failures="0" tests="2" name="com.saucedemo.pruebas.MercadoLibreApiTest" time="1.690" errors="0" timestamp="2026-05-22T13:59:03 ART" skipped="0">
  <testcase classname="com.saucedemo.pruebas.MercadoLibreApiTest" name="elEndpointDeDepartamentosRespondeSatisfactoriamente" time="1.493"/>
  <testcase classname="com.saucedemo.pruebas.MercadoLibreApiTest" name="elTiempoDeRespuestaEsAceptable" time="0.197"/>
</testsuite> <!-- com.saucedemo.pruebas.MercadoLibreApiTest -->
