<?xml version="1.0" encoding="UTF-8"?>
<!-- Generated by org.testng.reporters.JUnitReportReporter -->
<testsuite hostname="NB247" failures="0" tests="5" name="com.saucedemo.pruebas.CarritoTest" time="9.435" errors="0" timestamp="2026-05-22T13:28:20 ART" skipped="0">
  <testcase classname="com.saucedemo.pruebas.CarritoTest" name="agregarUnProductoAlCarrito" time="1.665"/>
  <testcase classname="com.saucedemo.pruebas.CarritoTest" name="agregarMultiplesProductosAlCarrito" time="1.660"/>
  <testcase classname="com.saucedemo.pruebas.CarritoTest" name="verContenidoDelCarrito" time="1.771"/>
  <testcase classname="com.saucedemo.pruebas.CarritoTest" name="eliminarProductoDesdeInventario" time="1.882"/>
  <testcase classname="com.saucedemo.pruebas.CarritoTest" name="continuarComprandoDesdeElCarrito" time="2.457"/>
</testsuite> <!-- com.saucedemo.pruebas.CarritoTest -->
