<?xml version="1.0" encoding="UTF-8"?>
<!-- Generated by org.testng.reporters.JUnitReportReporter -->
<testsuite hostname="NB247" failures="0" tests="5" name="com.saucedemo.pruebas.CarritoTest" time="9.423" errors="0" timestamp="2026-05-22T14:00:04 ART" skipped="0">
  <testcase classname="com.saucedemo.pruebas.CarritoTest" name="agregarUnProductoAlCarrito" time="1.704"/>
  <testcase classname="com.saucedemo.pruebas.CarritoTest" name="agregarMultiplesProductosAlCarrito" time="1.698"/>
  <testcase classname="com.saucedemo.pruebas.CarritoTest" name="verContenidoDelCarrito" time="2.521"/>
  <testcase classname="com.saucedemo.pruebas.CarritoTest" name="eliminarProductoDesdeInventario" time="1.713"/>
  <testcase classname="com.saucedemo.pruebas.CarritoTest" name="continuarComprandoDesdeElCarrito" time="1.787"/>
</testsuite> <!-- com.saucedemo.pruebas.CarritoTest -->
